["etape", "etape", "echap", "echap"]
["90", "80", "90", "80"]
etape

["etape", "cc", "echap", "echap"]
["90", "70", "90", "80"]
echap

["etape", "cc", "echap", "hello"]
["90", "70", "90", "80"]
echap

["etape", "cc", "echap", "hello"]
["90", "70", "90", "80"]
etape

["etape", "cc", "echap", "hello"]
["90", "70", "90", "80"]
echap

["etape", "cc", "echap", "hello"]
["90", "70", "30", "80"]
etape

["etape", "cc", "echap", "hello"]
["90", "70", "30", "80"]
etape

["etape", "cc", "echap", "hello"]
["90", "70", "30", "80"]
etape

["etape", "cc", "echap", "hey"]
["90", "70", "30", "80"]
etape

